
Showing logs for build [32mmeta-rajattyagipvr-jhipster-jx-xfrm8-3[0m stage [32mmeta-pipeline[0m and container [32mstep-credential-initializer-k922m[0m
{"level":"warn","ts":1586879256.3062913,"logger":"fallback-logger","caller":"logging/config.go:69","msg":"Fetch GitHub commit ID from kodata failed: \"ref: refs/heads/0.8.0-**-support-backwards-incompats\" is not a valid GitHub commit ID"}
{"level":"info","ts":1586879256.3141668,"logger":"fallback-logger","caller":"creds-init/main.go:40","msg":"Credentials initialized."}

Showing logs for build [32mmeta-rajattyagipvr-jhipster-jx-xfrm8-3[0m stage [32mmeta-pipeline[0m and container [32mstep-working-dir-initializer-b4nh2[0m
{"level":"warn","ts":1586879257.3881629,"logger":"fallback-logger","caller":"logging/config.go:69","msg":"Fetch GitHub commit ID from kodata failed: open /var/run/ko/HEAD: no such file or directory"}
{"level":"info","ts":1586879257.3959634,"logger":"fallback-logger","caller":"bash/main.go:64","msg":"Successfully executed command \"sh -c mkdir -p /workspace/source\"; output "}

Showing logs for build [32mmeta-rajattyagipvr-jhipster-jx-xfrm8-3[0m stage [32mmeta-pipeline[0m and container [32mstep-place-tools[0m

Showing logs for build [32mmeta-rajattyagipvr-jhipster-jx-xfrm8-3[0m stage [32mmeta-pipeline[0m and container [32mstep-git-source-meta-rajattyagipvr-jhipster-jx-xfrm8-cqhw5[0m
{"level":"warn","ts":1586879262.2640264,"logger":"fallback-logger","caller":"logging/config.go:69","msg":"Fetch GitHub commit ID from kodata failed: \"ref: refs/heads/0.8.0-**-support-backwards-incompats\" is not a valid GitHub commit ID"}
{"level":"info","ts":1586879264.0841663,"logger":"fallback-logger","caller":"git/git.go:103","msg":"Successfully cloned https://github.com/*************/jhipster-**.git @ master in path /workspace/source"}

Showing logs for build [32mmeta-rajattyagipvr-jhipster-jx-xfrm8-3[0m stage [32mmeta-pipeline[0m and container [32mstep-git-merge[0m
Using SHAs from PULL_REFS=master:
WARNING: no SHAs to merge, falling back to initial cloned commit

Showing logs for build [32mmeta-rajattyagipvr-jhipster-jx-xfrm8-3[0m stage [32mmeta-pipeline[0m and container [32mstep-merge-pull-refs[0m
SKIP merge-pull-refs: Nothing to merge

Showing logs for build [32mmeta-rajattyagipvr-jhipster-jx-xfrm8-3[0m stage [32mmeta-pipeline[0m and container [32mstep-create-effective-pipeline[0m
error: failed to load project config in dir /workspace/source: Validation failures in YAML file /workspace/source/jenkins-x.yml:
(root): Additional property buildpack is not allowed
[31m
Pipeline failed on stage 'meta-pipeline' : container 'step-create-effective-pipeline'. The execution of the pipeline has stopped.[0m
