
Showing logs for build [32mmeta-rajattyagipvr-jhipster-jx-k8jqd-4[0m stage [32mmeta-pipeline[0m and container [32mstep-credential-initializer-vzrtl[0m
{"level":"warn","ts":1586879488.3649244,"logger":"fallback-logger","caller":"logging/config.go:69","msg":"Fetch GitHub commit ID from kodata failed: \"ref: refs/heads/0.8.0-**-support-backwards-incompats\" is not a valid GitHub commit ID"}
{"level":"info","ts":1586879488.3692887,"logger":"fallback-logger","caller":"creds-init/main.go:40","msg":"Credentials initialized."}

Showing logs for build [32mmeta-rajattyagipvr-jhipster-jx-k8jqd-4[0m stage [32mmeta-pipeline[0m and container [32mstep-working-dir-initializer-qptsd[0m
{"level":"warn","ts":1586879489.600062,"logger":"fallback-logger","caller":"logging/config.go:69","msg":"Fetch GitHub commit ID from kodata failed: open /var/run/ko/HEAD: no such file or directory"}
{"level":"info","ts":1586879489.6012588,"logger":"fallback-logger","caller":"bash/main.go:64","msg":"Successfully executed command \"sh -c mkdir -p /workspace/source\"; output "}

Showing logs for build [32mmeta-rajattyagipvr-jhipster-jx-k8jqd-4[0m stage [32mmeta-pipeline[0m and container [32mstep-place-tools[0m

Showing logs for build [32mmeta-rajattyagipvr-jhipster-jx-k8jqd-4[0m stage [32mmeta-pipeline[0m and container [32mstep-git-source-meta-rajattyagipvr-jhipster-jx-k8jqd-bc49k[0m
{"level":"warn","ts":1586879494.8675005,"logger":"fallback-logger","caller":"logging/config.go:69","msg":"Fetch GitHub commit ID from kodata failed: \"ref: refs/heads/0.8.0-**-support-backwards-incompats\" is not a valid GitHub commit ID"}
{"level":"info","ts":1586879496.7590654,"logger":"fallback-logger","caller":"git/git.go:103","msg":"Successfully cloned https://github.com/*************/jhipster-**.git @ master in path /workspace/source"}

Showing logs for build [32mmeta-rajattyagipvr-jhipster-jx-k8jqd-4[0m stage [32mmeta-pipeline[0m and container [32mstep-git-merge[0m
Using SHAs from PULL_REFS=master:
WARNING: no SHAs to merge, falling back to initial cloned commit

Showing logs for build [32mmeta-rajattyagipvr-jhipster-jx-k8jqd-4[0m stage [32mmeta-pipeline[0m and container [32mstep-merge-pull-refs[0m
SKIP merge-pull-refs: Nothing to merge

Showing logs for build [32mmeta-rajattyagipvr-jhipster-jx-k8jqd-4[0m stage [32mmeta-pipeline[0m and container [32mstep-create-effective-pipeline[0m
Effective pipeline written to jenkins-x-effective.yml

Showing logs for build [32mmeta-rajattyagipvr-jhipster-jx-k8jqd-4[0m stage [32mmeta-pipeline[0m and container [32mstep-create-tekton-crds[0m
running command: ** step next-version --filename pom.xml
error: open pom.xml: no such file or directory
error: failed to set the version on release pipelines: failed to run '/bin/sh -c ** step next-version --filename pom.xml' command in directory '/workspace/source', output: ''
[31m
Pipeline failed on stage 'meta-pipeline' : container 'step-create-tekton-crds'. The execution of the pipeline has stopped.[0m
