
Showing logs for build [32mmeta-rajattyagipvr-jhipster-jx-mksn7-5-pp44n[0m stage [32mmeta-pipeline[0m and container [32mstep-credential-initializer-msdnw[0m
{"level":"warn","ts":1586879741.6504242,"logger":"fallback-logger","caller":"logging/config.go:69","msg":"Fetch GitHub commit ID from kodata failed: \"ref: refs/heads/0.8.0-**-support-backwards-incompats\" is not a valid GitHub commit ID"}
{"level":"info","ts":1586879741.6507967,"logger":"fallback-logger","caller":"creds-init/main.go:40","msg":"Credentials initialized."}

Showing logs for build [32mmeta-rajattyagipvr-jhipster-jx-mksn7-5-pp44n[0m stage [32mmeta-pipeline[0m and container [32mstep-working-dir-initializer-rtsdm[0m
{"level":"warn","ts":1586879742.693304,"logger":"fallback-logger","caller":"logging/config.go:69","msg":"Fetch GitHub commit ID from kodata failed: open /var/run/ko/HEAD: no such file or directory"}
{"level":"info","ts":1586879742.6956098,"logger":"fallback-logger","caller":"bash/main.go:64","msg":"Successfully executed command \"sh -c mkdir -p /workspace/source\"; output "}

Showing logs for build [32mmeta-rajattyagipvr-jhipster-jx-mksn7-5-pp44n[0m stage [32mmeta-pipeline[0m and container [32mstep-place-tools[0m

Showing logs for build [32mmeta-rajattyagipvr-jhipster-jx-mksn7-5-pp44n[0m stage [32mmeta-pipeline[0m and container [32mstep-git-source-meta-rajattyagipvr-jhipster-jx-mksn7-tkkx9[0m
{"level":"warn","ts":1586879747.8049242,"logger":"fallback-logger","caller":"logging/config.go:69","msg":"Fetch GitHub commit ID from kodata failed: \"ref: refs/heads/0.8.0-**-support-backwards-incompats\" is not a valid GitHub commit ID"}
{"level":"info","ts":1586879749.6105738,"logger":"fallback-logger","caller":"git/git.go:103","msg":"Successfully cloned https://github.com/*************/jhipster-**.git @ master in path /workspace/source"}

Showing logs for build [32mmeta-rajattyagipvr-jhipster-jx-mksn7-5-pp44n[0m stage [32mmeta-pipeline[0m and container [32mstep-git-merge[0m
Using SHAs from PULL_REFS=master:
WARNING: no SHAs to merge, falling back to initial cloned commit

Showing logs for build [32mmeta-rajattyagipvr-jhipster-jx-mksn7-5-pp44n[0m stage [32mmeta-pipeline[0m and container [32mstep-merge-pull-refs[0m
SKIP merge-pull-refs: Nothing to merge

Showing logs for build [32mmeta-rajattyagipvr-jhipster-jx-mksn7-5-pp44n[0m stage [32mmeta-pipeline[0m and container [32mstep-create-effective-pipeline[0m
Effective pipeline written to jenkins-x-effective.yml

Showing logs for build [32mmeta-rajattyagipvr-jhipster-jx-mksn7-5-pp44n[0m stage [32mmeta-pipeline[0m and container [32mstep-create-tekton-crds[0m
running command: ** step tag --version \$(cat 1.0.0)
cat: 1.0.0: No such file or directory
Error: flag needs an argument: --version


Examples:
  ** step tag --version 1.0.0
Options:
  -d, --charts-dir='': the directory of the chart to update the version
  -r, --charts-value-repository='': the fully qualified image name without the version tag. e.g. 'dockerregistry/myorg/myapp'
      --dir='': the directory which may contain a 'jenkins-x.yml'
      --no-apply=false: Do not push the tag to the server, this is used for example in dry runs
  -v, --version='': version number for the tag [required]
      --version-file='VERSION': The file name used to load the version number from if no '--version' option is specified
Usage:
  ** step tag [flags] [options]
Use "** options" for a list of global command-line options (applies to all commands).

error: failed to set the version on release pipelines: failed to run '/bin/sh -c ** step tag --version $(cat 1.0.0)' command in directory '/workspace/source', output: ''
[31m
Pipeline failed on stage 'meta-pipeline' : container 'step-create-tekton-crds'. The execution of the pipeline has stopped.[0m
