
Showing logs for build [32mmeta-rajattyagipvr-jhipster-jx-8jd5m-6[0m stage [32mmeta-pipeline[0m and container [32mstep-credential-initializer-bkq2s[0m
{"level":"warn","ts":1586882234.6736505,"logger":"fallback-logger","caller":"logging/config.go:69","msg":"Fetch GitHub commit ID from kodata failed: \"ref: refs/heads/0.8.0-**-support-backwards-incompats\" is not a valid GitHub commit ID"}
{"level":"info","ts":1586882234.6775863,"logger":"fallback-logger","caller":"creds-init/main.go:40","msg":"Credentials initialized."}

Showing logs for build [32mmeta-rajattyagipvr-jhipster-jx-8jd5m-6[0m stage [32mmeta-pipeline[0m and container [32mstep-working-dir-initializer-dfxhg[0m
{"level":"warn","ts":1586882235.9704616,"logger":"fallback-logger","caller":"logging/config.go:69","msg":"Fetch GitHub commit ID from kodata failed: open /var/run/ko/HEAD: no such file or directory"}
{"level":"info","ts":1586882235.971621,"logger":"fallback-logger","caller":"bash/main.go:64","msg":"Successfully executed command \"sh -c mkdir -p /workspace/source\"; output "}

Showing logs for build [32mmeta-rajattyagipvr-jhipster-jx-8jd5m-6[0m stage [32mmeta-pipeline[0m and container [32mstep-place-tools[0m

Showing logs for build [32mmeta-rajattyagipvr-jhipster-jx-8jd5m-6[0m stage [32mmeta-pipeline[0m and container [32mstep-git-source-meta-rajattyagipvr-jhipster-jx-8jd5m-slgbz[0m
{"level":"warn","ts":1586882241.0701456,"logger":"fallback-logger","caller":"logging/config.go:69","msg":"Fetch GitHub commit ID from kodata failed: \"ref: refs/heads/0.8.0-**-support-backwards-incompats\" is not a valid GitHub commit ID"}
{"level":"info","ts":1586882242.9656901,"logger":"fallback-logger","caller":"git/git.go:103","msg":"Successfully cloned https://github.com/*************/jhipster-**.git @ master in path /workspace/source"}

Showing logs for build [32mmeta-rajattyagipvr-jhipster-jx-8jd5m-6[0m stage [32mmeta-pipeline[0m and container [32mstep-git-merge[0m
Using SHAs from PULL_REFS=master:
WARNING: no SHAs to merge, falling back to initial cloned commit

Showing logs for build [32mmeta-rajattyagipvr-jhipster-jx-8jd5m-6[0m stage [32mmeta-pipeline[0m and container [32mstep-merge-pull-refs[0m
SKIP merge-pull-refs: Nothing to merge

Showing logs for build [32mmeta-rajattyagipvr-jhipster-jx-8jd5m-6[0m stage [32mmeta-pipeline[0m and container [32mstep-create-effective-pipeline[0m
Effective pipeline written to jenkins-x-effective.yml

Showing logs for build [32mmeta-rajattyagipvr-jhipster-jx-8jd5m-6[0m stage [32mmeta-pipeline[0m and container [32mstep-create-tekton-crds[0m
running command: ** step tag --version "1.0.0"
Tag v1.0.0 created and pushed to remote origin

error: failed to set the version on release pipelines: failed to read file /workspace/source/VERSION
[31m
Pipeline failed on stage 'meta-pipeline' : container 'step-create-tekton-crds'. The execution of the pipeline has stopped.[0m
